\BOOKMARK [0][]{chapter*.8}{\376\377\000I\000N\000T\000R\000O\000D\000U\000C\000T\000I\000O\000N\000\040\000G\000\311\000N\000\311\000R\000A\000L\000E}{}% 1
\BOOKMARK [0][]{chapter.1}{\376\377\000\040\000C\000h\000a\000p\000i\000t\000r\000e\000\040\000I\000\040\000:\000\040\000P\000R\000\311\000S\000E\000N\000T\000A\000T\000I\000O\000N\000\040\000D\000E\000\040\000L\000'\000E\000N\000T\000R\000E\000P\000R\000I\000S\000E\000\040\000E\000T\000\040\000C\000A\000D\000R\000A\000G\000E\000\040\000D\000U\000\040\000P\000R\000O\000J\000E\000T}{}% 2
\BOOKMARK [1][]{section.1.1}{\376\377\000I\000n\000t\000r\000o\000d\000u\000c\000t\000i\000o\000n}{chapter.1}% 3
\BOOKMARK [1][]{section.1.2}{\376\377\000P\000r\000\351\000s\000e\000n\000t\000a\000t\000i\000o\000n\000\040\000d\000e\000\040\000l\000'\000e\000n\000t\000r\000e\000p\000r\000i\000s\000e\000\040\000R\000i\000c\000h\000e\000\040\000B\000o\000i\000s}{chapter.1}% 4
\BOOKMARK [2][]{subsection.1.2.1}{\376\377\000P\000r\000\351\000s\000e\000n\000t\000a\000t\000i\000o\000n\000\040\000g\000\351\000n\000\351\000r\000a\000l\000e}{section.1.2}% 5
\BOOKMARK [2][]{subsection.1.2.2}{\376\377\000D\000o\000m\000a\000i\000n\000e\000s\000\040\000d\000'\000a\000c\000t\000i\000v\000i\000t\000\351}{section.1.2}% 6
\BOOKMARK [2][]{subsection.1.2.3}{\376\377\000O\000r\000g\000a\000n\000i\000s\000a\000t\000i\000o\000n\000\040\000i\000n\000t\000e\000r\000n\000e}{section.1.2}% 7
\BOOKMARK [2][]{subsection.1.2.4}{\376\377\000R\000e\000s\000s\000o\000u\000r\000c\000e\000s\000\040\000m\000a\000t\000\351\000r\000i\000e\000l\000l\000e\000s\000\040\000e\000t\000\040\000l\000o\000g\000i\000c\000i\000e\000l\000l\000e\000s}{section.1.2}% 8
\BOOKMARK [2][]{subsection.1.2.5}{\376\377\000R\000\351\000f\000\351\000r\000e\000n\000c\000e\000s\000\040\000c\000l\000i\000e\000n\000t\000s}{section.1.2}% 9
\BOOKMARK [2][]{subsection.1.2.6}{\376\377\000P\000a\000r\000t\000i\000e\000s\000\040\000p\000r\000e\000n\000a\000n\000t\000e\000s}{section.1.2}% 10
\BOOKMARK [1][]{section.1.3}{\376\377\000A\000n\000a\000l\000y\000s\000e\000\040\000s\000t\000r\000a\000t\000\351\000g\000i\000q\000u\000e}{chapter.1}% 11
\BOOKMARK [2][]{subsection.1.3.1}{\376\377\000A\000n\000a\000l\000y\000s\000e\000\040\000S\000W\000O\000T}{section.1.3}% 12
\BOOKMARK [2][]{subsection.1.3.2}{\376\377\000A\000n\000a\000l\000y\000s\000e\000\040\000P\000E\000S\000T\000E\000L}{section.1.3}% 13
\BOOKMARK [1][]{section.1.4}{\376\377\000C\000o\000n\000t\000e\000x\000t\000e\000\040\000e\000t\000\040\000p\000r\000o\000b\000l\000\351\000m\000a\000t\000i\000q\000u\000e}{chapter.1}% 14
\BOOKMARK [1][]{section.1.5}{\376\377\000C\000o\000n\000c\000l\000u\000s\000i\000o\000n}{chapter.1}% 15
\BOOKMARK [0][]{chapter.2}{\376\377\000C\000h\000a\000p\000i\000t\000r\000e\000\040\000I\000I\000\040\000:\000\040\000A\000N\000A\000L\000Y\000S\000E\000\040\000D\000E\000\040\000L\000'\000E\000X\000I\000S\000T\000A\000N\000T\000\040\000E\000T\000\040\000S\000P\000\311\000C\000I\000F\000I\000C\000A\000T\000I\000O\000N\000\040\000D\000E\000S\000\040\000B\000E\000S\000O\000I\000N\000S}{}% 16
\BOOKMARK [1][]{section.2.1}{\376\377\000I\000n\000t\000r\000o\000d\000u\000c\000t\000i\000o\000n}{chapter.2}% 17
\BOOKMARK [1][]{section.2.2}{\376\377\000\311\000t\000u\000d\000e\000\040\000d\000u\000\040\000p\000r\000o\000c\000e\000s\000s\000u\000s\000\040\000a\000c\000t\000u\000e\000l}{chapter.2}% 18
\BOOKMARK [2][]{subsection.2.2.1}{\376\377\000L\000e\000\040\000c\000i\000r\000c\000u\000i\000t\000\040\000d\000e\000\040\000l\000i\000v\000r\000a\000i\000s\000o\000n\000\040\000a\000u\000j\000o\000u\000r\000d\000'\000h\000u\000i}{section.2.2}% 19
\BOOKMARK [2][]{subsection.2.2.2}{\376\377\000O\000u\000t\000i\000l\000s\000\040\000e\000t\000\040\000s\000u\000p\000p\000o\000r\000t\000s\000\040\000u\000t\000i\000l\000i\000s\000\351\000s}{section.2.2}% 20
\BOOKMARK [2][]{subsection.2.2.3}{\376\377\000P\000r\000o\000b\000l\000\350\000m\000e\000s\000\040\000i\000d\000e\000n\000t\000i\000f\000i\000\351\000s}{section.2.2}% 21
\BOOKMARK [2][]{subsection.2.2.4}{\376\377\000I\000m\000p\000a\000c\000t\000\040\000s\000u\000r\000\040\000l\000'\000a\000c\000t\000i\000v\000i\000t\000\351}{section.2.2}% 22
\BOOKMARK [1][]{section.2.3}{\376\377\000S\000p\000\351\000c\000i\000f\000i\000c\000a\000t\000i\000o\000n\000\040\000d\000e\000s\000\040\000b\000e\000s\000o\000i\000n\000s}{chapter.2}% 23
\BOOKMARK [2][]{subsection.2.3.1}{\376\377\000I\000d\000e\000n\000t\000i\000f\000i\000c\000a\000t\000i\000o\000n\000\040\000d\000e\000s\000\040\000a\000c\000t\000e\000u\000r\000s}{section.2.3}% 24
\BOOKMARK [2][]{subsection.2.3.2}{\376\377\000B\000e\000s\000o\000i\000n\000s\000\040\000f\000o\000n\000c\000t\000i\000o\000n\000n\000e\000l\000s}{section.2.3}% 25
\BOOKMARK [2][]{subsection.2.3.3}{\376\377\000B\000e\000s\000o\000i\000n\000s\000\040\000n\000o\000n\000\040\000f\000o\000n\000c\000t\000i\000o\000n\000n\000e\000l\000s}{section.2.3}% 26
\BOOKMARK [1][]{section.2.4}{\376\377\000S\000o\000l\000u\000t\000i\000o\000n\000\040\000p\000r\000o\000p\000o\000s\000\351\000e}{chapter.2}% 27
\BOOKMARK [1][]{section.2.5}{\376\377\000M\000\351\000t\000h\000o\000d\000o\000l\000o\000g\000i\000e\000\040\000d\000e\000\040\000t\000r\000a\000v\000a\000i\000l}{chapter.2}% 28
\BOOKMARK [1][]{section.2.6}{\376\377\000C\000o\000n\000c\000l\000u\000s\000i\000o\000n}{chapter.2}% 29
\BOOKMARK [0][]{chapter.3}{\376\377\000C\000h\000a\000p\000i\000t\000r\000e\000\040\000I\000I\000I\000\040\000:\000\040\000C\000O\000N\000C\000E\000P\000T\000I\000O\000N\000\040\000E\000T\000\040\000M\000O\000D\000\311\000L\000I\000S\000A\000T\000I\000O\000N\000\040\000D\000U\000\040\000P\000R\000O\000J\000E\000T}{}% 30
\BOOKMARK [1][]{section.3.1}{\376\377\000I\000n\000t\000r\000o\000d\000u\000c\000t\000i\000o\000n}{chapter.3}% 31
\BOOKMARK [1][]{section.3.2}{\376\377\000A\000r\000c\000h\000i\000t\000e\000c\000t\000u\000r\000e\000\040\000d\000e\000\040\000l\000a\000\040\000s\000o\000l\000u\000t\000i\000o\000n}{chapter.3}% 32
\BOOKMARK [2][]{subsection.3.2.1}{\376\377\000V\000u\000e\000\040\000d\000'\000e\000n\000s\000e\000m\000b\000l\000e}{section.3.2}% 33
\BOOKMARK [2][]{subsection.3.2.2}{\376\377\000C\000h\000o\000i\000x\000\040\000d\000'\000u\000n\000e\000\040\000a\000r\000c\000h\000i\000t\000e\000c\000t\000u\000r\000e\000\040\000d\000\351\000c\000o\000u\000p\000l\000\351\000e}{section.3.2}% 34
\BOOKMARK [2][]{subsection.3.2.3}{\376\377\000A\000c\000c\000\350\000s\000\040\000a\000u\000x\000\040\000d\000o\000n\000n\000\351\000e\000s\000\040\000e\000t\000\040\000i\000n\000t\000\351\000g\000r\000a\000t\000i\000o\000n\000\040\000E\000R\000P}{section.3.2}% 35
\BOOKMARK [1][]{section.3.3}{\376\377\000D\000i\000a\000g\000r\000a\000m\000m\000e\000\040\000d\000e\000\040\000c\000a\000s\000\040\000d\000'\000u\000t\000i\000l\000i\000s\000a\000t\000i\000o\000n}{chapter.3}% 36
